
> pcgamercdmx@0.0.0 start
> ng serve --host 127.0.0.1 --port 4200

[33m>[39m Building...
[32m√[39m Building...
[1mInitial chunk files[22m                                   [2m | [22m[1mNames[22m                                     [2m | [22m [1mRaw size[22m
[32mstyles.css[39m                                            [2m | [22m[2mstyles[22m                                    [2m | [22m[36m177.98 kB[39m[2m | [22m
[32mmain.js[39m                                               [2m | [22m[2mmain[22m                                      [2m | [22m [36m80.92 kB[39m[2m | [22m
[32mchunk-JV55HHZZ.js[39m                                     [2m | [22m[2m-[22m                                         [2m | [22m  [36m7.16 kB[39m[2m | [22m
[32mchunk-Z5PHQXL3.js[39m                                     [2m | [22m[2m-[22m                                         [2m | [22m  [36m4.58 kB[39m[2m | [22m
[32mchunk-XS3MTK3B.js[39m                                     [2m | [22m[2m-[22m                                         [2m | [22m  [36m2.00 kB[39m[2m | [22m
[32mchunk-YHXAYRKA.js[39m                                     [2m | [22m[2m-[22m                                         [2m | [22m  [36m1.86 kB[39m[2m | [22m
[32mchunk-CZJLB7T5.js[39m                                     [2m | [22m[2m-[22m                                         [2m | [22m  [36m1.08 kB[39m[2m | [22m

[1m [22m                                                     [2m | [22m[1mInitial total[22m                             [2m | [22m[1m275.57 kB[22m

[1mLazy chunk files[22m                                      [2m | [22m[1mNames[22m                                     [2m | [22m [1mRaw size[22m
[32mhome.component-37F7KSF4.js[39m                            [2m | [22m[2mhome-component[22m                            [2m | [22m[36m266.63 kB[39m[2m | [22m
[32madmin-product-editor.component-IOBGW5SX.js[39m            [2m | [22m[2madmin-product-editor-component[22m            [2m | [22m[36m102.61 kB[39m[2m | [22m
[32madmin-category-hierarchy-manager.component-O634FHSM.js[39m[2m | [22m[2madmin-category-hierarchy-manager-component[22m[2m | [22m [36m61.39 kB[39m[2m | [22m
[32madmin-article-editor.component-DTT4SK3F.js[39m            [2m | [22m[2madmin-article-editor-component[22m            [2m | [22m [36m57.57 kB[39m[2m | [22m
[32madmin-assembly-editor.component-BC7JGJ2U.js[39m           [2m | [22m[2madmin-assembly-editor-component[22m           [2m | [22m [36m57.12 kB[39m[2m | [22m
[32massemblies.component-WD53DK6P.js[39m                      [2m | [22m[2massemblies-component[22m                      [2m | [22m [36m55.05 kB[39m[2m | [22m
[32mproduct-detail.component-BUECBYET.js[39m                  [2m | [22m[2mproduct-detail-component[22m                  [2m | [22m [36m51.12 kB[39m[2m | [22m
[32mcontact.component-NTO7L6XA.js[39m                         [2m | [22m[2mcontact-component[22m                         [2m | [22m [36m47.60 kB[39m[2m | [22m
[32mchunk-DMFJSOYA.js[39m                                     [2m | [22m[2m-[22m                                         [2m | [22m [36m46.37 kB[39m[2m | [22m
[32madmin-community.component-AK4GQ4BP.js[39m                 [2m | [22m[2madmin-community-component[22m                 [2m | [22m [36m40.26 kB[39m[2m | [22m
[32madmin-products-dashboard.component-SZEGPP5N.js[39m        [2m | [22m[2madmin-products-dashboard-component[22m        [2m | [22m [36m40.16 kB[39m[2m | [22m
[32madmin-product-list.component-AV77NPEE.js[39m              [2m | [22m[2madmin-product-list-component[22m              [2m | [22m [36m35.78 kB[39m[2m | [22m
[32madmin-categories.component-QEOVMQEM.js[39m                [2m | [22m[2madmin-categories-component[22m                [2m | [22m [36m35.41 kB[39m[2m | [22m
[32madmin-article-list.component-ZVAGH7WK.js[39m              [2m | [22m[2madmin-article-list-component[22m              [2m | [22m [36m33.75 kB[39m[2m | [22m
[32mabout.component-KHXW3YGJ.js[39m                           [2m | [22m[2mabout-component[22m                           [2m | [22m [36m30.46 kB[39m[2m | [22m
[2m...and 22 more lazy chunks files. Use "--verbose" to show all the files.[22m

Application bundle generation complete. [3.856 seconds] - 2026-06-12T02:14:16.833Z

Watch mode enabled. Watching for file changes...
NOTE: Raw file sizes do not reflect development server per-request transformations.
[2m8:14:16 p.m.[22m [36m[1m[vite][22m[39m [90m[2m(client)[22m[39m Re-optimizing dependencies because vite config has changed
  [32m➜[39m  [1mLocal[22m:   [36mhttp://127.0.0.1:[1m4200[22m/[39m
